Hola = Identificador
mundo = Identificador
350 = Numero
350.35 = Numero
350.35e35 = Numero
350.35e+35 = Numero
350.35e-35 = Numero
350.35 = Numero
350 = Numero
+ = OperadorTermino
e34 = Identificador
350 = Numero
- = OperadorTermino
e34 = Identificador
} = FinBloque
; = FinSentencia
{ = InicioBloque
? = OperadorTernario
++ = IncrementoTermino
+= = IncrementoTermino
-= = IncrementoTermino
- = OperadorTermino
-- = IncrementoTermino
+ = OperadorTermino
-> = Puntero
= = Asignacion
> = OperadorRelacional
& = Caracter
&& = OperadorLogico
| = Caracter
! = OperadorLogico
!= = OperadorRelacional
|| = OperadorLogico
= = Asignacion
== = OperadorRelacional
| = Caracter
|| = OperadorLogico
>= = OperadorRelacional
> = OperadorRelacional
<> = OperadorRelacional
<= = OperadorRelacional
"Hola mundo!" = Cadena
"Hola" = Cadena
'A' = Caracter
''' = Caracter
'6' = Caracter
# = Caracter
#323232 = Caracter

-----------------------------------

Líneas del archivo: 43
